<?xml version="1.0" encoding="UTF-8" ?>
<testsuite tests="2" failures="2" name="com.learneasy.search.CourseIndexSearchTest" time="0.047" errors="0" skipped="0">
  <properties>
[...]
</properties>
  <testcase classname="com.learneasy.search.CourseIndexSearchTest" name="com.learneasy.search.CourseIndexSearchTest.test_addindex" time="0.047">
    <failure type="java.lang.NullPointerException">java.lang.NullPointerException
	at com.learneasy.search.CourseIndexSearchTest.test_addindex(CourseIndexSearchTest.java:52)
</failure>
  </testcase>
  <testcase classname="com.learneasy.search.CourseIndexSearchTest" name="com.learneasy.search.CourseIndexSearchTest.test_updateIndex" time="0">
    <failure type="java.lang.NullPointerException">java.lang.NullPointerException
	at com.learneasy.search.CourseIndexSearchTest.test_updateIndex(CourseIndexSearchTest.java:81)
</failure>
  </testcase>
</testsuite>