-------------------------------------------------------------------------------
Test set: com.learneasy.content.FreemarkerTest
-------------------------------------------------------------------------------
Tests run: 1, Failures: 1, Errors: 0, Skipped: 0, Time elapsed: 0.183 sec <<< FAILURE!
com.learneasy.content.FreemarkerTest.testGenerateHtmlByTemplate()  Time elapsed: 0.182 sec  <<< FAILURE!
java.lang.NullPointerException
	at com.learneasy.content.FreemarkerTest.testGenerateHtmlByTemplate(FreemarkerTest.java:49)

